 Check Nx,Ny         512         512
 Physical field subsmpling res.         128 by         128
 isubx           1 sub-x indices           1
 isubx           2 sub-x indices           5
 isubx           3 sub-x indices           9
 isubx           4 sub-x indices          13
 isubx           5 sub-x indices          17
 isubx           6 sub-x indices          21
 isubx           7 sub-x indices          25
 isubx           8 sub-x indices          29
 isubx           9 sub-x indices          33
 isubx          10 sub-x indices          37
 isubx          11 sub-x indices          41
 isubx          12 sub-x indices          45
 isubx          13 sub-x indices          49
 isubx          14 sub-x indices          53
 isubx          15 sub-x indices          57
 isubx          16 sub-x indices          61
 isubx          17 sub-x indices          65
 isubx          18 sub-x indices          69
 isubx          19 sub-x indices          73
 isubx          20 sub-x indices          77
 isubx          21 sub-x indices          81
 isubx          22 sub-x indices          85
 isubx          23 sub-x indices          89
 isubx          24 sub-x indices          93
 isubx          25 sub-x indices          97
 isubx          26 sub-x indices         101
 isubx          27 sub-x indices         105
 isubx          28 sub-x indices         109
 isubx          29 sub-x indices         113
 isubx          30 sub-x indices         117
 isubx          31 sub-x indices         121
 isubx          32 sub-x indices         125
 isubx          33 sub-x indices         129
 isubx          34 sub-x indices         133
 isubx          35 sub-x indices         137
 isubx          36 sub-x indices         141
 isubx          37 sub-x indices         145
 isubx          38 sub-x indices         149
 isubx          39 sub-x indices         153
 isubx          40 sub-x indices         157
 isubx          41 sub-x indices         161
 isubx          42 sub-x indices         165
 isubx          43 sub-x indices         169
 isubx          44 sub-x indices         173
 isubx          45 sub-x indices         177
 isubx          46 sub-x indices         181
 isubx          47 sub-x indices         185
 isubx          48 sub-x indices         189
 isubx          49 sub-x indices         193
 isubx          50 sub-x indices         197
 isubx          51 sub-x indices         201
 isubx          52 sub-x indices         205
 isubx          53 sub-x indices         209
 isubx          54 sub-x indices         213
 isubx          55 sub-x indices         217
 isubx          56 sub-x indices         221
 isubx          57 sub-x indices         225
 isubx          58 sub-x indices         229
 isubx          59 sub-x indices         233
 isubx          60 sub-x indices         237
 isubx          61 sub-x indices         241
 isubx          62 sub-x indices         245
 isubx          63 sub-x indices         249
 isubx          64 sub-x indices         253
 isubx          65 sub-x indices         257
 isubx          66 sub-x indices         261
 isubx          67 sub-x indices         265
 isubx          68 sub-x indices         269
 isubx          69 sub-x indices         273
 isubx          70 sub-x indices         277
 isubx          71 sub-x indices         281
 isubx          72 sub-x indices         285
 isubx          73 sub-x indices         289
 isubx          74 sub-x indices         293
 isubx          75 sub-x indices         297
 isubx          76 sub-x indices         301
 isubx          77 sub-x indices         305
 isubx          78 sub-x indices         309
 isubx          79 sub-x indices         313
 isubx          80 sub-x indices         317
 isubx          81 sub-x indices         321
 isubx          82 sub-x indices         325
 isubx          83 sub-x indices         329
 isubx          84 sub-x indices         333
 isubx          85 sub-x indices         337
 isubx          86 sub-x indices         341
 isubx          87 sub-x indices         345
 isubx          88 sub-x indices         349
 isubx          89 sub-x indices         353
 isubx          90 sub-x indices         357
 isubx          91 sub-x indices         361
 isubx          92 sub-x indices         365
 isubx          93 sub-x indices         369
 isubx          94 sub-x indices         373
 isubx          95 sub-x indices         377
 isubx          96 sub-x indices         381
 isubx          97 sub-x indices         385
 isubx          98 sub-x indices         389
 isubx          99 sub-x indices         393
 isubx         100 sub-x indices         397
 isubx         101 sub-x indices         401
 isubx         102 sub-x indices         405
 isubx         103 sub-x indices         409
 isubx         104 sub-x indices         413
 isubx         105 sub-x indices         417
 isubx         106 sub-x indices         421
 isubx         107 sub-x indices         425
 isubx         108 sub-x indices         429
 isubx         109 sub-x indices         433
 isubx         110 sub-x indices         437
 isubx         111 sub-x indices         441
 isubx         112 sub-x indices         445
 isubx         113 sub-x indices         449
 isubx         114 sub-x indices         453
 isubx         115 sub-x indices         457
 isubx         116 sub-x indices         461
 isubx         117 sub-x indices         465
 isubx         118 sub-x indices         469
 isubx         119 sub-x indices         473
 isubx         120 sub-x indices         477
 isubx         121 sub-x indices         481
 isubx         122 sub-x indices         485
 isubx         123 sub-x indices         489
 isubx         124 sub-x indices         493
 isubx         125 sub-x indices         497
 isubx         126 sub-x indices         501
 isubx         127 sub-x indices         505
 isubx         128 sub-x indices         509
 isuby           1 sub-y indices           1
 isuby           2 sub-y indices           5
 isuby           3 sub-y indices           9
 isuby           4 sub-y indices          13
 isuby           5 sub-y indices          17
 isuby           6 sub-y indices          21
 isuby           7 sub-y indices          25
 isuby           8 sub-y indices          29
 isuby           9 sub-y indices          33
 isuby          10 sub-y indices          37
 isuby          11 sub-y indices          41
 isuby          12 sub-y indices          45
 isuby          13 sub-y indices          49
 isuby          14 sub-y indices          53
 isuby          15 sub-y indices          57
 isuby          16 sub-y indices          61
 isuby          17 sub-y indices          65
 isuby          18 sub-y indices          69
 isuby          19 sub-y indices          73
 isuby          20 sub-y indices          77
 isuby          21 sub-y indices          81
 isuby          22 sub-y indices          85
 isuby          23 sub-y indices          89
 isuby          24 sub-y indices          93
 isuby          25 sub-y indices          97
 isuby          26 sub-y indices         101
 isuby          27 sub-y indices         105
 isuby          28 sub-y indices         109
 isuby          29 sub-y indices         113
 isuby          30 sub-y indices         117
 isuby          31 sub-y indices         121
 isuby          32 sub-y indices         125
 isuby          33 sub-y indices         129
 isuby          34 sub-y indices         133
 isuby          35 sub-y indices         137
 isuby          36 sub-y indices         141
 isuby          37 sub-y indices         145
 isuby          38 sub-y indices         149
 isuby          39 sub-y indices         153
 isuby          40 sub-y indices         157
 isuby          41 sub-y indices         161
 isuby          42 sub-y indices         165
 isuby          43 sub-y indices         169
 isuby          44 sub-y indices         173
 isuby          45 sub-y indices         177
 isuby          46 sub-y indices         181
 isuby          47 sub-y indices         185
 isuby          48 sub-y indices         189
 isuby          49 sub-y indices         193
 isuby          50 sub-y indices         197
 isuby          51 sub-y indices         201
 isuby          52 sub-y indices         205
 isuby          53 sub-y indices         209
 isuby          54 sub-y indices         213
 isuby          55 sub-y indices         217
 isuby          56 sub-y indices         221
 isuby          57 sub-y indices         225
 isuby          58 sub-y indices         229
 isuby          59 sub-y indices         233
 isuby          60 sub-y indices         237
 isuby          61 sub-y indices         241
 isuby          62 sub-y indices         245
 isuby          63 sub-y indices         249
 isuby          64 sub-y indices         253
 isuby          65 sub-y indices         257
 isuby          66 sub-y indices         261
 isuby          67 sub-y indices         265
 isuby          68 sub-y indices         269
 isuby          69 sub-y indices         273
 isuby          70 sub-y indices         277
 isuby          71 sub-y indices         281
 isuby          72 sub-y indices         285
 isuby          73 sub-y indices         289
 isuby          74 sub-y indices         293
 isuby          75 sub-y indices         297
 isuby          76 sub-y indices         301
 isuby          77 sub-y indices         305
 isuby          78 sub-y indices         309
 isuby          79 sub-y indices         313
 isuby          80 sub-y indices         317
 isuby          81 sub-y indices         321
 isuby          82 sub-y indices         325
 isuby          83 sub-y indices         329
 isuby          84 sub-y indices         333
 isuby          85 sub-y indices         337
 isuby          86 sub-y indices         341
 isuby          87 sub-y indices         345
 isuby          88 sub-y indices         349
 isuby          89 sub-y indices         353
 isuby          90 sub-y indices         357
 isuby          91 sub-y indices         361
 isuby          92 sub-y indices         365
 isuby          93 sub-y indices         369
 isuby          94 sub-y indices         373
 isuby          95 sub-y indices         377
 isuby          96 sub-y indices         381
 isuby          97 sub-y indices         385
 isuby          98 sub-y indices         389
 isuby          99 sub-y indices         393
 isuby         100 sub-y indices         397
 isuby         101 sub-y indices         401
 isuby         102 sub-y indices         405
 isuby         103 sub-y indices         409
 isuby         104 sub-y indices         413
 isuby         105 sub-y indices         417
 isuby         106 sub-y indices         421
 isuby         107 sub-y indices         425
 isuby         108 sub-y indices         429
 isuby         109 sub-y indices         433
 isuby         110 sub-y indices         437
 isuby         111 sub-y indices         441
 isuby         112 sub-y indices         445
 isuby         113 sub-y indices         449
 isuby         114 sub-y indices         453
 isuby         115 sub-y indices         457
 isuby         116 sub-y indices         461
 isuby         117 sub-y indices         465
 isuby         118 sub-y indices         469
 isuby         119 sub-y indices         473
 isuby         120 sub-y indices         477
 isuby         121 sub-y indices         481
 isuby         122 sub-y indices         485
 isuby         123 sub-y indices         489
 isuby         124 sub-y indices         493
 isuby         125 sub-y indices         497
 isuby         126 sub-y indices         501
 isuby         127 sub-y indices         505
 isuby         128 sub-y indices         509
 Subsampled file size: 4X         128 X         128 X           2
 ftsubsmprto           2 ==> Fourier spaces is partialy sampled
 Lrossby over Lx/2pi =   8.975978997067781E-002
 Lrossby over dx =    7.31428550000000     
 Lrossby  =    28.57143     km
 total step, nstep=       149760
 write output data for every          57 steps, for ndays=   520.0000    
 one day =    288.0000     time steps
 Spectrum time series has         160 lines
 dx =    3906.25000000000     
