Current working directory: /home/celiz2/projects/def-lpnadeau/celiz2/modelSW/launchers
Starting run at: Mon Jan 29 20:38:04 EST 2024
Host:            bc12117.int.ets1.calculquebec.ca

!! Using setting for Beluga with fishpack stored at /home/celiz2/projects/def-lpnadeau/celiz2/fishpack-master/lib and lapack at 
!! Parameters file copied from /home/celiz2/projects/def-lpnadeau/celiz2/modelSW to newcase
!! Compilation of newcase/exec completed on the computer Beluga.
 > Creating the new file.
 > Updating exec file and « .inp » files.
 > Copying exec and parametes files from /home/celiz2/projects/def-lpnadeau/celiz2/modelSW/newcase
 > Modifiying run-model.slurm file.
 > Copying old restart files.
 > Launching Shallow water model
Submitted batch job 44194581
 >>> Going back.
!! Using setting for Beluga with fishpack stored at /home/celiz2/projects/def-lpnadeau/celiz2/fishpack-master/lib and lapack at 
!! Parameters file copied from /home/celiz2/projects/def-lpnadeau/celiz2/modelSW to newcase
!! Compilation of newcase/exec completed on the computer Beluga.
 > Creating the new file.
 > Updating exec file and « .inp » files.
 > Copying exec and parametes files from /home/celiz2/projects/def-lpnadeau/celiz2/modelSW/newcase
 > Modifiying run-model.slurm file.
 > Copying old restart files.
 > Launching Shallow water model
Submitted batch job 44194593
 >>> Going back.
!! Using setting for Beluga with fishpack stored at /home/celiz2/projects/def-lpnadeau/celiz2/fishpack-master/lib and lapack at 
!! Parameters file copied from /home/celiz2/projects/def-lpnadeau/celiz2/modelSW to newcase
!! Compilation of newcase/exec completed on the computer Beluga.
 > Creating the new file.
 > Updating exec file and « .inp » files.
 > Copying exec and parametes files from /home/celiz2/projects/def-lpnadeau/celiz2/modelSW/newcase
 > Modifiying run-model.slurm file.
 > Copying old restart files.
 > Launching Shallow water model
Submitted batch job 44194594
 >>> Going back.
!! Using setting for Beluga with fishpack stored at /home/celiz2/projects/def-lpnadeau/celiz2/fishpack-master/lib and lapack at 
!! Parameters file copied from /home/celiz2/projects/def-lpnadeau/celiz2/modelSW to newcase
!! Compilation of newcase/exec completed on the computer Beluga.
 > Creating the new file.
 > Updating exec file and « .inp » files.
 > Copying exec and parametes files from /home/celiz2/projects/def-lpnadeau/celiz2/modelSW/newcase
 > Modifiying run-model.slurm file.
 > Copying old restart files.
 > Launching Shallow water model
Submitted batch job 44194596
 >>> Going back.

Run ended at: Mon Jan 29 20:38:58 EST 2024
